library/build/intermediates/manifest_merge_blame_file/debug/manifest-merger-blame-debug-report.txt
1<?xml version="1.0" encoding="utf-8"?>
2<manifest xmlns:android="http://schemas.android.com/apk/res/android"
3    xmlns:tools="http://schemas.android.com/tools"
4    package="com.handmark.pulltorefresh.library"
5    android:versionCode="3001"
6    android:versionName="2.1.2" >
7
8    <uses-sdk android:minSdkVersion="1" />
8-->silv-v4-android-master2\library\AndroidManifest.xml
9
10    <application />
10-->silv-v4-android-master2\library\AndroidManifest.xml:8:5-20
11
12</manifest>